@00000060
97
00
00
00
83
A0
80
11
17
01
00
00
03
21
41
11
97
01
00
00
83
A1
01
11
33
82
30
00
13
03
40
00
B3
01
62
00
17
05
00
00
13
05
C5
10
23
20
35
00
13
03
60
FF
33
02
62
00
17
05
00
00
13
05
C5
0F
23
20
45
00
13
03
30
FF
B3
72
61
00
17
05
00
00
13
05
C5
0E
23
20
55
00
13
03
C0
00
33
73
61
00
33
63
03
00
17
05
00
00
13
05
85
0D
23
20
65
00
17
04
00
00
03
24
44
0B
97
04
00
00
83
A4
04
0B
17
05
00
00
03
25
C5
0A
B3
45
94
00
17
06
00
00
13
06
46
0B
23
20
B6
00
B3
95
A4
00
17
06
00
00
13
06
86
0A
23
20
B6
00
B3
D5
A4
00
17
06
00
00
13
06
C6
09
23
20
B6
00
97
00
00
00
83
A0
80
07
17
01
00
00
03
21
41
07
97
01
00
00
83
A1
01
07
17
02
00
00
03
22
C2
06
17
04
00
00
03
24
84
06
97
04
00
00
83
A4
44
06
17
05
00
00
03
25
05
06
EF
03
80
00
6F
00
00
00
17
03
00
00
03
23
43
05
67
80
03
00
17
03
00
00
03
23
83
00
6F
00
00
00
00
00
00
00
EF
BE
AD
DE
20
00
00
00
D5
00
00
00
0F
00
00
00
0F
0F
00
00
FF
00
00
00
04
00
00
00
00
00
00
00
00
00
00
00
00
00
00
00
00
00
00
00
00
00
00
00
00
00
00
00
00
00
00
00
0D
60
0D
60
