@00000060
33
02
00
00
97
00
00
00
83
A0
00
1F
17
01
00
00
03
21
C1
1E
97
01
00
00
83
A1
81
1E
B3
22
10
00
63
96
02
1C
13
02
12
00
B3
22
20
00
63
80
02
1C
13
02
12
00
B3
A2
31
00
63
9A
02
1A
13
02
12
00
B3
32
10
00
63
84
02
1A
13
02
12
00
B3
B2
20
00
63
9E
02
18
13
02
12
00
B3
82
20
40
B3
22
50
00
63
96
02
18
13
02
12
00
B3
82
21
40
B3
22
50
00
63
8E
02
16
13
02
12
00
B3
82
10
40
B3
22
50
00
63
96
02
16
13
02
12
00
B3
D2
40
40
63
90
12
16
B3
D2
41
40
13
02
12
00
17
03
00
00
03
23
83
17
63
96
62
14
13
02
12
00
97
00
00
00
83
A0
80
15
17
01
00
00
03
21
41
15
97
02
00
00
83
82
82
14
17
03
00
00
03
03
13
14
13
13
83
00
97
03
00
00
83
83
63
13
93
93
03
01
17
04
00
00
03
04
B4
12
13
14
84
01
33
64
74
00
33
64
64
00
33
64
54
00
63
1E
14
0E
13
02
12
00
97
02
00
00
83
92
82
10
17
03
00
00
03
13
23
10
13
13
03
01
33
63
53
00
63
1E
13
0C
13
02
12
00
97
02
00
00
83
C2
C2
0E
17
03
00
00
03
43
53
0E
13
13
83
00
97
03
00
00
83
C3
A3
0D
93
93
03
01
17
04
00
00
03
44
F4
0C
13
14
84
01
33
64
74
00
33
64
64
00
33
64
54
00
63
1E
24
08
13
02
12
00
97
02
00
00
83
D2
C2
0A
17
03
00
00
03
53
63
0A
13
13
03
01
33
63
53
00
63
1E
23
06
13
02
12
00
97
04
00
00
23
88
14
08
93
D0
80
00
97
04
00
00
A3
82
14
08
93
D0
80
00
97
04
00
00
23
8D
14
06
93
D0
80
00
97
04
00
00
A3
87
14
06
97
00
00
00
83
A0
C0
05
97
02
00
00
83
A2
C2
05
63
9C
12
02
13
02
12
00
97
04
00
00
23
98
24
04
13
51
01
01
97
04
00
00
23
93
24
04
17
01
00
00
03
21
41
03
97
02
00
00
83
A2
42
03
63
96
22
00
13
02
12
00
6F
00
00
00
6F
00
00
00
00
00
00
00
FF
FF
FF
FF
FF
FF
00
00
FF
FF
FF
7F
78
56
34
12
98
BA
DC
FE
00
00
00
00
00
00
00
00
FF
FF
7F
00
