@00000003
4B04240300000417490181930000019735810113000001172600809300000097
2603A3830000039726842403000004174983A3830000039736C4240300000417
4783A383000003974803A383000003974883A3830000039735C3A38300000397
00212A234383230300000317005128233042A283000002974443230300000317
0000001300000463170080930000009700512A23001102930030A02300212423
0430A8230431A423042122230410A02339818193000001972601011300000117
25432303000003171783A383000003973CC32303000003172844240300000417
0270A223007303B31303230300000317007303B33803A3830000039700118293
000002630050AA230F02A28300000297001082930070A02300D2021300027213
0D03A383000003970D03A383000003970DC2A283000002971E83230300000317
00000000000000000000000000000063FC404AE3FFF202133182A28300000297
0000000000000000000000000000000000000000000000000000000000000000
0000000000000000000000000000000000000000000000000000000000000000
0000000000000000000000000000000000000000000000000000000000000000
0000000000000000000000000000000000000000000000000000000000000000
0000000000000000000000000000000000000000000000000000000000000000
600D600D600D600D600D600D600D600D600D600D600D600D600D600D600D600D
BBCCBBCC99AA99AA778877885566556633443344112211220148014800C200C2
600D600D600D600D600D600D600D600D600D600D600D600D600D600D600D600D
6DDD6DDD6CCD6CCD6BBD6BBD6AAD6AAD699D699D688D688D677D677D666D666D
600D600D600D600D600D600D600D600D600D600D600D600D600D600D600D600D
0000000000000000000000000000000000000000000000000000000000000000
0000000000000000000000000000000000000000000000000000000000000000
0000000000000000000000000000000000000000000000000000000000000000
5220522052205220522052205220522052205220522052205220522052205220
5220522052205220522052205220522052205220522052205220522052205220
5220522052205220522052205220522052205220522052205220522052205220
52205220511051105FF05FF05EE05EE05DD05DD05CC05CC05BB05BB05AA05AA0
5220522052205220522052205220522052205220522052205220522052205220
0000000000000000000000000000000000000000000000000000000000000000
0000000000000000000000000000000000000000000000000000000000000000
0000000000000000000000000000000000000000000000000000000000000000
B77DB77DB66DB66DB55DB55DB44DB44DB33DB33DB22DB22DBADDBADDBADDBADD
BFFDBFFDBEEDBEEDBDDDBDDDBCCDBCCDBBBDBBBDBAADBAADB99DB99DB88DB88D
BAADBAADBAADBAADBAADBAADBAADBAADBAADBAADBAADBAADBAADBAADBAADBAAD
BAADBAADBAADBAADBAADBAADBAADBAADBAADBAADBAADBAADBAADBAADBAADBAAD
BAADBAADBAADBAADBAADBAADBAADBAADBAADBAADBAADBAADBAADBAADBAADBAAD
BFFDBFFDBEEDBEEDBDDDBDDDBCCDBCCDBBBDBBBDBAADBAADB99DB99DB88DB88D
BADDBADDBADDBADDBADDBADDBADDBADDBADDBADDBADDBADDBADDBADDBADDBADD
